1541528584927	mozrunner::runner	INFO	Running command: "/usr/bin/firefox" "-marionette" "-foreground" "-no-remote" "-profile" "/tmp/rust_mozprofile.ET9HhCyI0qtK"

(firefox:12180): Gtk-WARNING **: 16:23:05.571: Theme parsing error: <data>:1:34: Expected ')' in color definition

(firefox:12180): Gtk-WARNING **: 16:23:05.572: Theme parsing error: <data>:1:77: Expected ')' in color definition
1541528586615	Marionette	INFO	Listening on port 46541
1541528586648	Marionette	WARN	TLS certificate errors will be ignored for this session
[Parent 12180, Gecko_IOThread] WARNING: pipe error (76): Connection reset by peer: file /build/firefox-4VfQCB/firefox-63.0+build2/ipc/chromium/src/chrome/common/ipc_channel_posix.cc, line 356
[Parent 12180, Gecko_IOThread] WARNING: pipe error (100): Connection reset by peer: file /build/firefox-4VfQCB/firefox-63.0+build2/ipc/chromium/src/chrome/common/ipc_channel_posix.cc, line 356
1541528592970	Marionette	INFO	Stopped listening on port 46541
1541528715863	mozrunner::runner	INFO	Running command: "/usr/bin/firefox" "-marionette" "-foreground" "-no-remote" "-profile" "/tmp/rust_mozprofile.yXNH35PU9kER"

(firefox:12595): Gtk-WARNING **: 16:25:16.453: Theme parsing error: <data>:1:34: Expected ')' in color definition

(firefox:12595): Gtk-WARNING **: 16:25:16.453: Theme parsing error: <data>:1:77: Expected ')' in color definition
1541528717447	Marionette	INFO	Listening on port 45977
1541528717480	Marionette	WARN	TLS certificate errors will be ignored for this session
JavaScript error: chrome://browser/content/urlbarBindings.xml, line 2709: NS_ERROR_FAILURE: Component returned failure code: 0x80004005 (NS_ERROR_FAILURE) [nsIAutoCompleteController.getStyleAt]
1541528734537	mozrunner::runner	INFO	Running command: "/usr/bin/firefox" "-marionette" "-foreground" "-no-remote" "-profile" "/tmp/rust_mozprofile.Kd0dV5T41c89"

(firefox:12820): Gtk-WARNING **: 16:25:35.124: Theme parsing error: <data>:1:34: Expected ')' in color definition

(firefox:12820): Gtk-WARNING **: 16:25:35.124: Theme parsing error: <data>:1:77: Expected ')' in color definition
1541528736511	Marionette	INFO	Listening on port 36987
1541528736579	Marionette	WARN	TLS certificate errors will be ignored for this session
console.error: "Tried to send a 'tabDetached' event on an already destroyed actor 'frameTarget'"
IPDL protocol error: Handler returned error code!

###!!! [Parent][DispatchAsyncMessage] Error: PLayerTransaction::Msg_ReleaseLayer Processing error: message was deserialized, but the handler returned false (indicating failure)

IPDL protocol error: Handler returned error code!

###!!! [Parent][DispatchAsyncMessage] Error: PLayerTransaction::Msg_ReleaseLayer Processing error: message was deserialized, but the handler returned false (indicating failure)

IPDL protocol error: Handler returned error code!

###!!! [Parent][DispatchAsyncMessage] Error: PLayerTransaction::Msg_ReleaseLayer Processing error: message was deserialized, but the handler returned false (indicating failure)

IPDL protocol error: Handler returned error code!

###!!! [Parent][DispatchAsyncMessage] Error: PLayerTransaction::Msg_ReleaseLayer Processing error: message was deserialized, but the handler returned false (indicating failure)

IPDL protocol error: Handler returned error code!

###!!! [Parent][DispatchAsyncMessage] Error: PLayerTransaction::Msg_ReleaseLayer Processing error: message was deserialized, but the handler returned false (indicating failure)

IPDL protocol error: Handler returned error code!

###!!! [Parent][DispatchAsyncMessage] Error: PLayerTransaction::Msg_ReleaseLayer Processing error: message was deserialized, but the handler returned false (indicating failure)

IPDL protocol error: Handler returned error code!

###!!! [Parent][DispatchAsyncMessage] Error: PLayerTransaction::Msg_ReleaseLayer Processing error: message was deserialized, but the handler returned false (indicating failure)

IPDL protocol error: Handler returned error code!

###!!! [Parent][DispatchAsyncMessage] Error: PLayerTransaction::Msg_ReleaseLayer Processing error: message was deserialized, but the handler returned false (indicating failure)

IPDL protocol error: Handler returned error code!

###!!! [Parent][DispatchAsyncMessage] Error: PLayerTransaction::Msg_ReleaseLayer Processing error: message was deserialized, but the handler returned false (indicating failure)

IPDL protocol error: Handler returned error code!

###!!! [Parent][DispatchAsyncMessage] Error: PLayerTransaction::Msg_ReleaseLayer Processing error: message was deserialized, but the handler returned false (indicating failure)

IPDL protocol error: Handler returned error code!

###!!! [Parent][DispatchAsyncMessage] Error: PLayerTransaction::Msg_ReleaseLayer Processing error: message was deserialized, but the handler returned false (indicating failure)

IPDL protocol error: Handler returned error code!

###!!! [Parent][DispatchAsyncMessage] Error: PLayerTransaction::Msg_ReleaseLayer Processing error: message was deserialized, but the handler returned false (indicating failure)

[Parent 12820, Gecko_IOThread] WARNING: pipe error (82): Connection reset by peer: file /build/firefox-4VfQCB/firefox-63.0+build2/ipc/chromium/src/chrome/common/ipc_channel_posix.cc, line 356
[Parent 12820, Gecko_IOThread] WARNING: pipe error (69): Connection reset by peer: file /build/firefox-4VfQCB/firefox-63.0+build2/ipc/chromium/src/chrome/common/ipc_channel_posix.cc, line 356
1541528972585	Marionette	INFO	Stopped listening on port 36987
[Parent 12595, Gecko_IOThread] WARNING: pipe error (76): Connection reset by peer: file /build/firefox-4VfQCB/firefox-63.0+build2/ipc/chromium/src/chrome/common/ipc_channel_posix.cc, line 356
1541528975172	Marionette	INFO	Stopped listening on port 45977
1541528979398	mozrunner::runner	INFO	Running command: "/usr/bin/firefox" "-marionette" "-foreground" "-no-remote" "-profile" "/tmp/rust_mozprofile.DKlqGctblc1u"

(firefox:13202): Gtk-WARNING **: 16:29:40.039: Theme parsing error: <data>:1:34: Expected ')' in color definition

(firefox:13202): Gtk-WARNING **: 16:29:40.039: Theme parsing error: <data>:1:77: Expected ')' in color definition
1541528980998	Marionette	INFO	Listening on port 37337
1541528981028	Marionette	WARN	TLS certificate errors will be ignored for this session
console.error: "TypeError: currentNode is null: canMutationImpactCurrentStyles@resource://devtools/shared/base-loader.js -> resource://devtools/client/inspector/shared/style-change-tracker.js:64:11\nonMutations@resource://devtools/shared/base-loader.js -> resource://devtools/client/inspector/shared/style-change-tracker.js:82:11\nemit@resource://devtools/shared/base-loader.js -> resource://devtools/shared/event-emitter.js:178:15\nemit@resource://devtools/shared/base-loader.js -> resource://devtools/shared/event-emitter.js:255:5\nWalkerFront<.getMutations</<@resource://devtools/shared/base-loader.js -> resource://devtools/shared/fronts/inspector.js:414:7\n"
TypeError: currentNode is null: canMutationImpactCurrentStyles@resource://devtools/shared/base-loader.js -> resource://devtools/client/inspector/shared/style-change-tracker.js:64:11
onMutations@resource://devtools/shared/base-loader.js -> resource://devtools/client/inspector/shared/style-change-tracker.js:82:11
emit@resource://devtools/shared/base-loader.js -> resource://devtools/shared/event-emitter.js:178:15
emit@resource://devtools/shared/base-loader.js -> resource://devtools/shared/event-emitter.js:255:5
WalkerFront<.getMutations</<@resource://devtools/shared/base-loader.js -> resource://devtools/shared/fronts/inspector.js:414:7

console.error: "Tried to send a 'tabDetached' event on an already destroyed actor 'frameTarget'"
[Parent 13202, Gecko_IOThread] WARNING: pipe error (77): Connection reset by peer: file /build/firefox-4VfQCB/firefox-63.0+build2/ipc/chromium/src/chrome/common/ipc_channel_posix.cc, line 356
[Parent 13202, Gecko_IOThread] WARNING: pipe error (76): Connection reset by peer: file /build/firefox-4VfQCB/firefox-63.0+build2/ipc/chromium/src/chrome/common/ipc_channel_posix.cc, line 356
1541529438519	Marionette	INFO	Stopped listening on port 37337
1541529449664	mozrunner::runner	INFO	Running command: "/usr/bin/firefox" "-marionette" "-foreground" "-no-remote" "-profile" "/tmp/rust_mozprofile.5ZSCpxbdSsMc"

(firefox:13612): Gtk-WARNING **: 16:37:30.257: Theme parsing error: <data>:1:34: Expected ')' in color definition

(firefox:13612): Gtk-WARNING **: 16:37:30.257: Theme parsing error: <data>:1:77: Expected ')' in color definition
1541529451250	Marionette	INFO	Listening on port 45465
1541529451279	Marionette	WARN	TLS certificate errors will be ignored for this session
[Parent 13612, Gecko_IOThread] WARNING: pipe error (93): Connection reset by peer: file /build/firefox-4VfQCB/firefox-63.0+build2/ipc/chromium/src/chrome/common/ipc_channel_posix.cc, line 356
1541529468310	Marionette	INFO	Stopped listening on port 45465
1541535161062	mozrunner::runner	INFO	Running command: "/usr/bin/firefox" "-marionette" "-foreground" "-no-remote" "-profile" "/tmp/rust_mozprofile.N6dHC74C6Kpy"

(firefox:14867): Gtk-WARNING **: 18:12:41.722: Theme parsing error: <data>:1:34: Expected ')' in color definition

(firefox:14867): Gtk-WARNING **: 18:12:41.722: Theme parsing error: <data>:1:77: Expected ')' in color definition
1541535162731	Marionette	INFO	Listening on port 43803
1541535162796	Marionette	WARN	TLS certificate errors will be ignored for this session
1541535852047	Marionette	INFO	Stopped listening on port 43803
1541535873687	mozrunner::runner	INFO	Running command: "/usr/bin/firefox" "-marionette" "-foreground" "-no-remote" "-profile" "/tmp/rust_mozprofile.uVZyXQmukqXY"

(firefox:15319): Gtk-WARNING **: 18:24:34.271: Theme parsing error: <data>:1:34: Expected ')' in color definition

(firefox:15319): Gtk-WARNING **: 18:24:34.272: Theme parsing error: <data>:1:77: Expected ')' in color definition
1541535875343	Marionette	INFO	Listening on port 43185
1541535875400	Marionette	WARN	TLS certificate errors will be ignored for this session
1541536189636	Marionette	INFO	Stopped listening on port 43185
console.error: "Tried to send a 'tabDetached' event on an already destroyed actor 'frameTarget'"
IPDL protocol error: Handler returned error code!

###!!! [Parent][DispatchAsyncMessage] Error: PLayerTransaction::Msg_ReleaseLayer Processing error: message was deserialized, but the handler returned false (indicating failure)

IPDL protocol error: Handler returned error code!

###!!! [Parent][DispatchAsyncMessage] Error: PLayerTransaction::Msg_ReleaseLayer Processing error: message was deserialized, but the handler returned false (indicating failure)

IPDL protocol error: Handler returned error code!

###!!! [Parent][DispatchAsyncMessage] Error: PLayerTransaction::Msg_ReleaseLayer Processing error: message was deserialized, but the handler returned false (indicating failure)

IPDL protocol error: Handler returned error code!

###!!! [Parent][DispatchAsyncMessage] Error: PLayerTransaction::Msg_ReleaseLayer Processing error: message was deserialized, but the handler returned false (indicating failure)

IPDL protocol error: Handler returned error code!

###!!! [Parent][DispatchAsyncMessage] Error: PLayerTransaction::Msg_ReleaseLayer Processing error: message was deserialized, but the handler returned false (indicating failure)

IPDL protocol error: Handler returned error code!

###!!! [Parent][DispatchAsyncMessage] Error: PLayerTransaction::Msg_ReleaseLayer Processing error: message was deserialized, but the handler returned false (indicating failure)

IPDL protocol error: Handler returned error code!

###!!! [Parent][DispatchAsyncMessage] Error: PLayerTransaction::Msg_ReleaseLayer Processing error: message was deserialized, but the handler returned false (indicating failure)

IPDL protocol error: Handler returned error code!

###!!! [Parent][DispatchAsyncMessage] Error: PLayerTransaction::Msg_ReleaseLayer Processing error: message was deserialized, but the handler returned false (indicating failure)

IPDL protocol error: Handler returned error code!

###!!! [Parent][DispatchAsyncMessage] Error: PLayerTransaction::Msg_ReleaseLayer Processing error: message was deserialized, but the handler returned false (indicating failure)

IPDL protocol error: Handler returned error code!

###!!! [Parent][DispatchAsyncMessage] Error: PLayerTransaction::Msg_ReleaseLayer Processing error: message was deserialized, but the handler returned false (indicating failure)

IPDL protocol error: Handler returned error code!

###!!! [Parent][DispatchAsyncMessage] Error: PLayerTransaction::Msg_ReleaseLayer Processing error: message was deserialized, but the handler returned false (indicating failure)

IPDL protocol error: Handler returned error code!

###!!! [Parent][DispatchAsyncMessage] Error: PLayerTransaction::Msg_ReleaseLayer Processing error: message was deserialized, but the handler returned false (indicating failure)

